[0.007s] Invoking command in '/home/mxy/projects/learnningProject/ros2/my_first_package/build/my_first_package': CMAKE_PREFIX_PATH=${CMAKE_PREFIX_PATH}:/opt/ros/jazzy DEBUGINFOD_URLS=https://debuginfod.ubuntu.com /usr/bin/cmake /home/mxy/projects/learnningProject/ros2/my_first_package -DCMAKE_INSTALL_PREFIX=/home/mxy/projects/learnningProject/ros2/my_first_package/install/my_first_package
[0.080s] -- The C compiler identification is GNU 13.3.0
[0.132s] -- The CXX compiler identification is GNU 13.3.0
[0.149s] -- Detecting C compiler ABI info
[0.245s] -- Detecting C compiler ABI info - done
[0.250s] -- Check for working C compiler: /usr/bin/cc - skipped
[0.251s] -- Detecting C compile features
[0.251s] -- Detecting C compile features - done
[0.260s] -- Detecting CXX compiler ABI info
[0.359s] -- Detecting CXX compiler ABI info - done
[0.366s] -- Check for working CXX compiler: /usr/bin/c++ - skipped
[0.366s] -- Detecting CXX compile features
[0.366s] -- Detecting CXX compile features - done
[0.368s] -- Found ament_cmake: 2.5.4 (/opt/ros/jazzy/share/ament_cmake/cmake)
[0.475s] -- Found Python3: /usr/bin/python3 (found version "3.12.3") found components: Interpreter 
[0.552s] -- Found rclcpp: 28.1.13 (/opt/ros/jazzy/share/rclcpp/cmake)
[0.577s] -- Found rosidl_generator_c: 4.6.6 (/opt/ros/jazzy/share/rosidl_generator_c/cmake)
[0.585s] -- Found rosidl_generator_cpp: 4.6.6 (/opt/ros/jazzy/share/rosidl_generator_cpp/cmake)
[0.595s] -- Using all available rosidl_typesupport_c: rosidl_typesupport_fastrtps_c;rosidl_typesupport_introspection_c
[0.606s] -- Using all available rosidl_typesupport_cpp: rosidl_typesupport_fastrtps_cpp;rosidl_typesupport_introspection_cpp
[0.660s] -- Found rmw_implementation_cmake: 7.3.2 (/opt/ros/jazzy/share/rmw_implementation_cmake/cmake)
[0.662s] -- Found rmw_fastrtps_cpp: 8.4.3 (/opt/ros/jazzy/share/rmw_fastrtps_cpp/cmake)
[0.738s] -- Found OpenSSL: /usr/lib/x86_64-linux-gnu/libcrypto.so (found version "3.0.13")  
[0.757s] -- Found FastRTPS: /opt/ros/jazzy/include (Required is at least version "2.13") 
[0.775s] -- Using RMW implementation 'rmw_fastrtps_cpp' as default
[0.831s] -- Found std_msgs: 5.3.6 (/opt/ros/jazzy/share/std_msgs/cmake)
[0.852s] -- Found ament_lint_auto: 0.17.3 (/opt/ros/jazzy/share/ament_lint_auto/cmake)
[0.936s] -- Added test 'cppcheck' to perform static code analysis on C / C++ code
[0.936s] -- Configured cppcheck include dirs: 
[0.936s] -- Configured cppcheck exclude dirs and/or files: 
[0.938s] -- Added test 'lint_cmake' to check CMake code style
[0.945s] -- Added test 'uncrustify' to check C / C++ code style
[0.945s] -- Configured uncrustify additional arguments: 
[0.946s] -- Added test 'xmllint' to check XML markup files
[0.947s] -- Configuring done (0.9s)
[0.956s] -- Generating done (0.0s)
[0.959s] -- Build files have been written to: /home/mxy/projects/learnningProject/ros2/my_first_package/build/my_first_package
[0.968s] Invoked command in '/home/mxy/projects/learnningProject/ros2/my_first_package/build/my_first_package' returned '0': CMAKE_PREFIX_PATH=${CMAKE_PREFIX_PATH}:/opt/ros/jazzy DEBUGINFOD_URLS=https://debuginfod.ubuntu.com /usr/bin/cmake /home/mxy/projects/learnningProject/ros2/my_first_package -DCMAKE_INSTALL_PREFIX=/home/mxy/projects/learnningProject/ros2/my_first_package/install/my_first_package
[0.969s] Invoking command in '/home/mxy/projects/learnningProject/ros2/my_first_package/build/my_first_package': CMAKE_PREFIX_PATH=${CMAKE_PREFIX_PATH}:/opt/ros/jazzy DEBUGINFOD_URLS=https://debuginfod.ubuntu.com /usr/bin/cmake --build /home/mxy/projects/learnningProject/ros2/my_first_package/build/my_first_package -- -j12 -l12
[1.017s] [ 25%] [32mBuilding CXX object CMakeFiles/subscriber_node.dir/src/subscriber_node.cpp.o[0m
[1.017s] [ 50%] [32mBuilding CXX object CMakeFiles/publisher_node.dir/src/publisher_node.cpp.o[0m
[4.056s] [ 75%] [32m[1mLinking CXX executable publisher_node[0m
[4.195s] [ 75%] Built target publisher_node
[6.155s] [100%] [32m[1mLinking CXX executable subscriber_node[0m
[6.339s] [100%] Built target subscriber_node
[6.353s] Invoked command in '/home/mxy/projects/learnningProject/ros2/my_first_package/build/my_first_package' returned '0': CMAKE_PREFIX_PATH=${CMAKE_PREFIX_PATH}:/opt/ros/jazzy DEBUGINFOD_URLS=https://debuginfod.ubuntu.com /usr/bin/cmake --build /home/mxy/projects/learnningProject/ros2/my_first_package/build/my_first_package -- -j12 -l12
[6.363s] Invoking command in '/home/mxy/projects/learnningProject/ros2/my_first_package/build/my_first_package': CMAKE_PREFIX_PATH=${CMAKE_PREFIX_PATH}:/opt/ros/jazzy DEBUGINFOD_URLS=https://debuginfod.ubuntu.com /usr/bin/cmake --install /home/mxy/projects/learnningProject/ros2/my_first_package/build/my_first_package
[6.371s] -- Install configuration: ""
[6.371s] -- Installing: /home/mxy/projects/learnningProject/ros2/my_first_package/install/my_first_package/lib/my_first_package/publisher_node
[6.372s] -- Set non-toolchain portion of runtime path of "/home/mxy/projects/learnningProject/ros2/my_first_package/install/my_first_package/lib/my_first_package/publisher_node" to ""
[6.372s] -- Installing: /home/mxy/projects/learnningProject/ros2/my_first_package/install/my_first_package/lib/my_first_package/subscriber_node
[6.377s] -- Set non-toolchain portion of runtime path of "/home/mxy/projects/learnningProject/ros2/my_first_package/install/my_first_package/lib/my_first_package/subscriber_node" to ""
[6.377s] -- Installing: /home/mxy/projects/learnningProject/ros2/my_first_package/install/my_first_package/share/ament_index/resource_index/package_run_dependencies/my_first_package
[6.377s] -- Installing: /home/mxy/projects/learnningProject/ros2/my_first_package/install/my_first_package/share/ament_index/resource_index/parent_prefix_path/my_first_package
[6.378s] -- Installing: /home/mxy/projects/learnningProject/ros2/my_first_package/install/my_first_package/share/my_first_package/environment/ament_prefix_path.sh
[6.378s] -- Installing: /home/mxy/projects/learnningProject/ros2/my_first_package/install/my_first_package/share/my_first_package/environment/ament_prefix_path.dsv
[6.378s] -- Installing: /home/mxy/projects/learnningProject/ros2/my_first_package/install/my_first_package/share/my_first_package/environment/path.sh
[6.378s] -- Installing: /home/mxy/projects/learnningProject/ros2/my_first_package/install/my_first_package/share/my_first_package/environment/path.dsv
[6.378s] -- Installing: /home/mxy/projects/learnningProject/ros2/my_first_package/install/my_first_package/share/my_first_package/local_setup.bash
[6.379s] -- Installing: /home/mxy/projects/learnningProject/ros2/my_first_package/install/my_first_package/share/my_first_package/local_setup.sh
[6.379s] -- Installing: /home/mxy/projects/learnningProject/ros2/my_first_package/install/my_first_package/share/my_first_package/local_setup.zsh
[6.379s] -- Installing: /home/mxy/projects/learnningProject/ros2/my_first_package/install/my_first_package/share/my_first_package/local_setup.dsv
[6.379s] -- Installing: /home/mxy/projects/learnningProject/ros2/my_first_package/install/my_first_package/share/my_first_package/package.dsv
[6.379s] -- Installing: /home/mxy/projects/learnningProject/ros2/my_first_package/install/my_first_package/share/ament_index/resource_index/packages/my_first_package
[6.380s] -- Installing: /home/mxy/projects/learnningProject/ros2/my_first_package/install/my_first_package/share/my_first_package/cmake/my_first_packageConfig.cmake
[6.380s] -- Installing: /home/mxy/projects/learnningProject/ros2/my_first_package/install/my_first_package/share/my_first_package/cmake/my_first_packageConfig-version.cmake
[6.380s] -- Installing: /home/mxy/projects/learnningProject/ros2/my_first_package/install/my_first_package/share/my_first_package/package.xml
[6.382s] Invoked command in '/home/mxy/projects/learnningProject/ros2/my_first_package/build/my_first_package' returned '0': CMAKE_PREFIX_PATH=${CMAKE_PREFIX_PATH}:/opt/ros/jazzy DEBUGINFOD_URLS=https://debuginfod.ubuntu.com /usr/bin/cmake --install /home/mxy/projects/learnningProject/ros2/my_first_package/build/my_first_package
